<?xml version="1.0" encoding="UTF-8"?>
<!-- Generated by org.testng.reporters.JUnitReportReporter -->
<testsuite hostname="DESKTOP-8EI85EI" failures="0" tests="3" name="com.flipkart.qa.testcases.LoginPageTest" time="21.695" errors="0" timestamp="2021-02-20T19:47:34 IST" skipped="0">
  <testcase classname="com.flipkart.qa.testcases.LoginPageTest" name="loginPageTitle" time="6.826"/>
  <system-out/>
  <testcase classname="com.flipkart.qa.testcases.LoginPageTest" name="fktLogoImage" time="8.389"/>
  <system-out/>
  <testcase classname="com.flipkart.qa.testcases.LoginPageTest" name="loginTest" time="6.480"/>
  <system-out/>
</testsuite> <!-- com.flipkart.qa.testcases.LoginPageTest -->
