<?xml version="1.0" encoding="UTF-8"?>
<!-- Generated by org.testng.reporters.JUnitReportReporter -->
<testsuite hostname="DESKTOP-8EI85EI" failures="0" tests="2" name="com.flipkart.qa.testcases.AvailableItemsTest" time="12.334" errors="0" timestamp="2021-02-20T19:42:48 IST" skipped="1">
  <testcase classname="com.flipkart.qa.testcases.AvailableItemsTest" name="clickOnSelectMobileTest" time="12.334"/>
  <system-out/>
  <testcase classname="com.flipkart.qa.testcases.AvailableItemsTest" name="enterPincodeTest" time="0.000">
    <skipped/>
  </testcase> <!-- enterPincodeTest -->
  <system-out/>
</testsuite> <!-- com.flipkart.qa.testcases.AvailableItemsTest -->
