<?xml version="1.0" encoding="UTF-8"?>
<!-- Generated by org.testng.reporters.JUnitReportReporter -->
<testsuite hostname="DESKTOP-8EI85EI" failures="0" tests="4" name="com.flipkart.qa.testcases.HomePageTest" time="23.281" errors="0" timestamp="2021-02-20T19:47:34 IST" skipped="1">
  <testcase classname="com.flipkart.qa.testcases.HomePageTest" name="verifyFlipkartTextTest" time="7.103"/>
  <system-out/>
  <testcase classname="com.flipkart.qa.testcases.HomePageTest" name="verifyHomePageTitle" time="7.373"/>
  <system-out/>
  <testcase classname="com.flipkart.qa.testcases.HomePageTest" name="searchItemsTest" time="8.805"/>
  <system-out/>
  <testcase classname="com.flipkart.qa.testcases.HomePageTest" name="clickOnSearchbarTest">
    <skipped/>
  </testcase> <!-- clickOnSearchbarTest -->
  <system-out/>
</testsuite> <!-- com.flipkart.qa.testcases.HomePageTest -->
